[debug] [2023-11-17T10:39:19.171Z] ----------------------------------------------------------------------
[debug] [2023-11-17T10:39:19.175Z] Command:       C:\Program Files\nodejs\node.exe C:\Users\anuab\AppData\Roaming\npm\node_modules\firebase-tools\lib\bin\firebase.js init
[debug] [2023-11-17T10:39:19.175Z] CLI Version:   12.9.1
[debug] [2023-11-17T10:39:19.175Z] Platform:      win32
[debug] [2023-11-17T10:39:19.176Z] Node Version:  v20.5.0
[debug] [2023-11-17T10:39:19.176Z] Time:          Fri Nov 17 2023 13:39:19 GMT+0300 (Arabian Standard Time)
[debug] [2023-11-17T10:39:19.176Z] ----------------------------------------------------------------------
[debug] 
[debug] [2023-11-17T10:39:19.184Z] > command requires scopes: ["email","openid","https://www.googleapis.com/auth/cloudplatformprojects.readonly","https://www.googleapis.com/auth/firebase","https://www.googleapis.com/auth/cloud-platform"]
[debug] [2023-11-17T10:39:19.185Z] > authorizing via signed-in user (anuabdulkadar@gmail.com)
[info] 
     ######## #### ########  ######## ########     ###     ######  ########
     ##        ##  ##     ## ##       ##     ##  ##   ##  ##       ##
     ######    ##  ########  ######   ########  #########  ######  ######
     ##        ##  ##    ##  ##       ##     ## ##     ##       ## ##
     ##       #### ##     ## ######## ########  ##     ##  ######  ########

You're about to initialize a Firebase project in this directory:

  C:\Users\anuab\Desktop\firebase

[info] 
=== Project Setup
[info] 
[info] First, let's associate this project directory with a Firebase project.
[info] You can create multiple project aliases by running firebase use --add, 
[info] but for now we'll just set up a default project.
[info] 
[debug] [2023-11-17T10:40:19.166Z] >>> [apiv2][query] GET https://firebase.googleapis.com/v1beta1/projects pageSize=100
[debug] [2023-11-17T10:40:20.062Z] <<< [apiv2][status] GET https://firebase.googleapis.com/v1beta1/projects 200
[debug] [2023-11-17T10:40:20.062Z] <<< [apiv2][body] GET https://firebase.googleapis.com/v1beta1/projects [omitted]
[info] i  Using project anu1o-firebasecourse (anu1o-firebasecourse) 
[info] 
=== Hosting Setup
[debug] [2023-11-17T10:40:49.033Z] >>> [apiv2][query] GET https://firebase.googleapis.com/v1beta1/projects/anu1o-firebasecourse [none]
[debug] [2023-11-17T10:40:49.706Z] <<< [apiv2][status] GET https://firebase.googleapis.com/v1beta1/projects/anu1o-firebasecourse 200
[debug] [2023-11-17T10:40:49.707Z] <<< [apiv2][body] GET https://firebase.googleapis.com/v1beta1/projects/anu1o-firebasecourse {"projectId":"anu1o-firebasecourse","projectNumber":"1125319775","displayName":"anu1o-firebasecourse","name":"projects/anu1o-firebasecourse","resources":{"hostingSite":"anu1o-firebasecourse","storageBucket":"anu1o-firebasecourse.appspot.com","locationId":"asia-south1"},"state":"ACTIVE","etag":"1_9c3c2e64-793c-40fd-a53f-4a0904f56bf6"}
[info] 
[info] Your public directory is the folder (relative to your project directory) that
[info] will contain Hosting assets to be uploaded with firebase deploy. If you
[info] have a build process for your assets, use your build's output directory.
[info] 
[info] +  Wrote public/404.html 
[debug] [2023-11-17T10:41:52.019Z] >>> [apiv2][query] GET https://www.gstatic.com/firebasejs/releases.json [none]
[debug] [2023-11-17T10:41:52.306Z] <<< [apiv2][status] GET https://www.gstatic.com/firebasejs/releases.json 200
[debug] [2023-11-17T10:41:52.306Z] <<< [apiv2][body] GET https://www.gstatic.com/firebasejs/releases.json {"current":{"version":"10.6.0","browserURL":"https://www.gstatic.com/firebasejs/10.6.0/firebase.js","packageURL":"https://www.gstatic.com/firebasejs/10.6.0/firebase.tgz"},"live":{"version":"10.6","browserURL":"https://www.gstatic.com/firebasejs/live/10.6/firebase.js","packageURL":"https://www.gstatic.com/firebasejs/live/10.6/firebase.tgz"},"components":{"analytics":"https://www.gstatic.com/firebasejs/10.6.0/firebase-analytics.js","app":"https://www.gstatic.com/firebasejs/10.6.0/firebase-app.js","app-check":"https://www.gstatic.com/firebasejs/10.6.0/firebase-app-check.js","auth":"https://www.gstatic.com/firebasejs/10.6.0/firebase-auth.js","auth/cordova":"https://www.gstatic.com/firebasejs/10.6.0/firebase-auth/cordova.js","functions":"https://www.gstatic.com/firebasejs/10.6.0/firebase-functions.js","firestore":"https://www.gstatic.com/firebasejs/10.6.0/firebase-firestore.js","firestore/lite":"https://www.gstatic.com/firebasejs/10.6.0/firebase-firestore/lite.js","installations":"https://www.gstatic.com/firebasejs/10.6.0/firebase-installations.js","storage":"https://www.gstatic.com/firebasejs/10.6.0/firebase-storage.js","performance":"https://www.gstatic.com/firebasejs/10.6.0/firebase-performance.js","remote-config":"https://www.gstatic.com/firebasejs/10.6.0/firebase-remote-config.js","messaging":"https://www.gstatic.com/firebasejs/10.6.0/firebase-messaging.js","messaging/sw":"https://www.gstatic.com/firebasejs/10.6.0/firebase-messaging/sw.js","database":"https://www.gstatic.com/firebasejs/10.6.0/firebase-database.js","firestore.memory":"https://www.gstatic.com/firebasejs/10.6.0/firebase-firestore.memory.js"}}
[info] i  Skipping write of public/index.html 
[info] 
[info] i  Detected a .git folder at C:\Users\anuab\Desktop\firebase 
[info] i  Authorizing with GitHub to upload your service account to a GitHub repository's secrets store. 
[info] 
[info] Visit this URL on this device to log in:
[info] https://github.com/login/oauth/authorize?client_id=89cf50f02ac6aaed3484&state=27886799&redirect_uri=http%3A%2F%2Flocalhost%3A9005&scope=read%3Auser%20repo%20public_repo
[info] 
[info] Waiting for authentication...
[debug] [2023-11-17T10:42:28.105Z] >>> [apiv2][query] POST https://github.com/login/oauth/access_token [none]
[debug] [2023-11-17T10:42:28.105Z] >>> [apiv2][body] POST https://github.com/login/oauth/access_token [stream]
[debug] [2023-11-17T10:42:28.559Z] <<< [apiv2][status] POST https://github.com/login/oauth/access_token 200
[debug] [2023-11-17T10:42:28.560Z] <<< [apiv2][body] POST https://github.com/login/oauth/access_token {"access_token":"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","token_type":"bearer","scope":"read:user,repo"}
[debug] [2023-11-17T10:42:28.568Z] >>> [apiv2][query] GET https://api.github.com/user [none]
[debug] [2023-11-17T10:42:29.099Z] <<< [apiv2][status] GET https://api.github.com/user 200
[debug] [2023-11-17T10:42:29.099Z] <<< [apiv2][body] GET https://api.github.com/user {"login":"ANU1o","id":78339400,"node_id":"MDQ6VXNlcjc4MzM5NDAw","avatar_url":"https://avatars.githubusercontent.com/u/78339400?v=4","gravatar_id":"","url":"https://api.github.com/users/ANU1o","html_url":"https://github.com/ANU1o","followers_url":"https://api.github.com/users/ANU1o/followers","following_url":"https://api.github.com/users/ANU1o/following{/other_user}","gists_url":"https://api.github.com/users/ANU1o/gists{/gist_id}","starred_url":"https://api.github.com/users/ANU1o/starred{/owner}{/repo}","subscriptions_url":"https://api.github.com/users/ANU1o/subscriptions","organizations_url":"https://api.github.com/users/ANU1o/orgs","repos_url":"https://api.github.com/users/ANU1o/repos","events_url":"https://api.github.com/users/ANU1o/events{/privacy}","received_events_url":"https://api.github.com/users/ANU1o/received_events","type":"User","site_admin":false,"name":"ANU1o","company":null,"blog":"","location":"Kuwait","email":null,"hireable":null,"bio":"alias: \r\nAnoof Abdul Kadar (actual name) |\r\nanooftuna |\r\nANU1o","twitter_username":"anu_1o","public_repos":18,"public_gists":0,"followers":2,"following":6,"created_at":"2021-02-01T06:07:59Z","updated_at":"2023-10-19T19:50:05Z","private_gists":0,"total_private_repos":2,"owned_private_repos":2,"disk_usage":63667,"collaborators":0,"two_factor_authentication":false,"plan":{"name":"free","space":976562499,"collaborators":0,"private_repos":10000}}
[info] 
[info] +  Success! Logged into GitHub as ANU1o 
[info] 
